<?xml version="1.0" encoding="UTF-8"?>
<testsuite xmlns:xsi="http://www.w3.org/2001/XMLSchema-instance" xsi:noNamespaceSchemaLocation="https://maven.apache.org/surefire/maven-surefire-plugin/xsd/surefire-test-report.xsd" name="com.parkit.parkingsystem.ParkingServiceTest" time="1.485" tests="5" errors="5" skipped="0" failures="0">
  <properties>
[...]
</properties>
  <testcase name="testGetNextParkingNumberIfAvailableParkingNumberNotFound" classname="com.parkit.parkingsystem.ParkingServiceTest" time="1.453">
    <error message="Unresolved compilation problem: &#10;	Type mismatch: cannot convert from ParkingSpot to int&#10;" type="java.lang.Error">java.lang.Error: 
Unresolved compilation problem: 
	Type mismatch: cannot convert from ParkingSpot to int

	at com.parkit.parkingsystem.ParkingServiceTest.testGetNextParkingNumberIfAvailableParkingNumberNotFound(ParkingServiceTest.java:100)
</error>
    <system-err><![CDATA[ERROR StatusLogger No Log4j 2 configuration file found. Using default configuration (logging only errors to the console), or user programmatically provided configurations. Set system property 'log4j2.debug' to show Log4j 2 internal initialization logging. See https://logging.apache.org/log4j/2.x/manual/configuration.html for instructions on how to configure Log4j 2
]]></system-err>
  </testcase>
  <testcase name="processExitingVehicleTestUnableUpdate" classname="com.parkit.parkingsystem.ParkingServiceTest" time="0.009">
    <error message="&#10;Strict stubbing argument mismatch. Please check:&#10; - this invocation of &apos;updateTicket&apos; method:&#10;    ticketDAO.updateTicket(null);&#10;    -&gt; at com.parkit.parkingsystem.ParkingServiceTest.processExitingVehicleTestUnableUpdate(ParkingServiceTest.java:79)&#10; - has following stubbing(s) with different arguments:&#10;    1. ticketDAO.updateTicket(null);&#10;      -&gt; at com.parkit.parkingsystem.ParkingServiceTest.setUpPerTest(ParkingServiceTest.java:48)&#10;Typically, stubbing argument mismatch indicates user mistake when writing tests.&#10;Mockito fails early so that you can debug potential problem easily.&#10;However, there are legit scenarios when this exception generates false negative signal:&#10;  - stubbing the same method multiple times using &apos;given().will()&apos; or &apos;when().then()&apos; API&#10;    Please use &apos;will().given()&apos; or &apos;doReturn().when()&apos; API for stubbing.&#10;  - stubbed method is intentionally invoked with different arguments by code under test&#10;    Please use default or &apos;silent&apos; JUnit Rule (equivalent of Strictness.LENIENT).&#10;For more information see javadoc for PotentialStubbingProblem class." type="org.mockito.exceptions.misusing.PotentialStubbingProblem">org.mockito.exceptions.misusing.PotentialStubbingProblem: 

Strict stubbing argument mismatch. Please check:
 - this invocation of 'updateTicket' method:
    ticketDAO.updateTicket(null);
    -> at com.parkit.parkingsystem.ParkingServiceTest.processExitingVehicleTestUnableUpdate(ParkingServiceTest.java:79)
 - has following stubbing(s) with different arguments:
    1. ticketDAO.updateTicket(null);
      -> at com.parkit.parkingsystem.ParkingServiceTest.setUpPerTest(ParkingServiceTest.java:48)
Typically, stubbing argument mismatch indicates user mistake when writing tests.
Mockito fails early so that you can debug potential problem easily.
However, there are legit scenarios when this exception generates false negative signal:
  - stubbing the same method multiple times using 'given().will()' or 'when().then()' API
    Please use 'will().given()' or 'doReturn().when()' API for stubbing.
  - stubbed method is intentionally invoked with different arguments by code under test
    Please use default or 'silent' JUnit Rule (equivalent of Strictness.LENIENT).
For more information see javadoc for PotentialStubbingProblem class.
	at com.parkit.parkingsystem.ParkingServiceTest.processExitingVehicleTestUnableUpdate(ParkingServiceTest.java:79)
</error>
  </testcase>
  <testcase name="testGetNextParkingNumberIfAvailableParkingNumberWrongArgument" classname="com.parkit.parkingsystem.ParkingServiceTest" time="0.005">
    <error message="Unresolved compilation problem: &#10;	Type mismatch: cannot convert from ParkingSpot to int&#10;" type="java.lang.Error">java.lang.Error: 
Unresolved compilation problem: 
	Type mismatch: cannot convert from ParkingSpot to int

	at com.parkit.parkingsystem.ParkingServiceTest.testGetNextParkingNumberIfAvailableParkingNumberWrongArgument(ParkingServiceTest.java:109)
</error>
  </testcase>
  <testcase name="testGetNextParkingNumberIfAvailable" classname="com.parkit.parkingsystem.ParkingServiceTest" time="0.007">
    <error message="Unresolved compilation problem: &#10;	Type mismatch: cannot convert from ParkingSpot to int&#10;" type="java.lang.Error">java.lang.Error: 
Unresolved compilation problem: 
	Type mismatch: cannot convert from ParkingSpot to int

	at com.parkit.parkingsystem.ParkingServiceTest.testGetNextParkingNumberIfAvailable(ParkingServiceTest.java:91)
</error>
  </testcase>
  <testcase name="testProcessIncomingVehicle" classname="com.parkit.parkingsystem.ParkingServiceTest" time="0.005">
    <error message="Unresolved compilation problem: &#10;	Type mismatch: cannot convert from int to ParkingSpot&#10;" type="java.lang.Error">java.lang.Error: 
Unresolved compilation problem: 
	Type mismatch: cannot convert from int to ParkingSpot

	at com.parkit.parkingsystem.ParkingServiceTest.testProcessIncomingVehicle(ParkingServiceTest.java:64)
</error>
  </testcase>
</testsuite>